2024-08-12 16:21:01,160 logger.py 22 - INFO - Logging started at C:\Users\savit\PycharmProjects\Youtube_translator\Logs_data\2024-08-12_16-21-01.log\2024-08-12_16-21-01.log
2024-08-12 16:21:02,980 db_connector.py 9 - INFO - Loaded environment variables
2024-08-12 16:21:02,980 db_connector.py 11 - INFO - savit:diksha
2024-08-12 16:23:34,102 Mp3_download.py 57 - INFO - Storing the audio file in location : C:\Users\savit\PycharmProjects\Youtube_translator\audio\2024_08_12_16_21_02

2024-08-12 16:23:51,829 Mp3_download.py 91 - INFO - Converted audio file C:\Users\savit\PycharmProjects\Youtube_translator\audio\2024_08_12_16_21_02
2024-08-12 16:23:51,834 db_storage.py 13 - INFO - Initializing Mp3FileStorage
2024-08-12 16:23:51,834 db_connector.py 38 - INFO - Initializing MySQL database connection inside the ConnectToDb Class

2024-08-12 16:23:51,834 db_connector.py 48 - INFO - Inside the ConnectToDb Class initiating connect_to_db methods.

2024-08-12 16:23:52,544 db_connector.py 55 - INFO - Connected to MySQL database
2024-08-12 16:23:52,544 db_connector.py 56 - INFO - Exiting the ConnectToDb Class initiating connect_to_db methods

2024-08-12 16:23:52,544 db_connector.py 44 - INFO - MySQL database connection successful

2024-08-12 16:23:52,544 db_connector.py 64 - INFO - Inside the ConnectToDb Class initiating create_database methods.

2024-08-12 16:23:52,573 db_connector.py 74 - INFO - Inside the ConnectToDb Class initiating use_database methods.

2024-08-12 16:23:52,574 db_connector.py 77 - INFO - Using database: yt_db
2024-08-12 16:23:52,616 db_connector.py 103 - INFO - Table mp3_files already exists.
2024-08-12 16:23:52,616 db_storage.py 21 - INFO - Inserting mp3 file into the database
2024-08-12 16:23:52,736 db_storage.py 32 - INFO - MP3 file inserted successfully
2024-08-12 16:23:52,737 main2.py 46 - INFO - File Inserted in database successfully 14c6d63f-f3ad-4deb-ba50-8b2187dffa1b
2024-08-12 16:23:52,737 db_storage.py 41 - INFO - Deleting mp3 file from the System C:\Users\savit\PycharmProjects\Youtube_translator\audio\2024_08_12_16_21_02.mp3
2024-08-12 16:23:52,738 db_storage.py 43 - INFO - MP3 file deleted successfully
2024-08-12 16:23:52,738 main2.py 49 - INFO - File deleted from OS successfully 14c6d63f-f3ad-4deb-ba50-8b2187dffa1b
2024-08-12 16:23:52,739 db_storage.py 51 - INFO - Fetching mp3 file from the database
2024-08-12 16:23:54,697 db_storage.py 70 - INFO - WAV file 14c6d63f-f3ad-4deb-ba50-8b2187dffa1b fetched successfully
2024-08-12 16:23:54,697 db_storage.py 41 - INFO - Deleting mp3 file from the System C:\Users\savit\PycharmProjects\Youtube_translator\audio\2024_08_12_16_21_02.wav
2024-08-12 16:23:54,699 db_storage.py 43 - INFO - MP3 file deleted successfully
2024-08-12 16:50:50,968 Mp3_download.py 57 - INFO - Storing the audio file in location : C:\Users\savit\PycharmProjects\Youtube_translator\audio\2024_08_12_16_21_02

2024-08-12 16:50:58,712 Mp3_download.py 91 - INFO - Converted audio file C:\Users\savit\PycharmProjects\Youtube_translator\audio\2024_08_12_16_21_02
2024-08-12 16:50:58,715 db_storage.py 13 - INFO - Initializing Mp3FileStorage
2024-08-12 16:50:58,715 db_connector.py 38 - INFO - Initializing MySQL database connection inside the ConnectToDb Class

2024-08-12 16:50:58,715 db_connector.py 48 - INFO - Inside the ConnectToDb Class initiating connect_to_db methods.

2024-08-12 16:51:00,257 db_connector.py 55 - INFO - Connected to MySQL database
2024-08-12 16:51:00,258 db_connector.py 56 - INFO - Exiting the ConnectToDb Class initiating connect_to_db methods

2024-08-12 16:51:00,258 db_connector.py 44 - INFO - MySQL database connection successful

2024-08-12 16:51:00,258 db_connector.py 64 - INFO - Inside the ConnectToDb Class initiating create_database methods.

2024-08-12 16:51:00,260 db_connector.py 74 - INFO - Inside the ConnectToDb Class initiating use_database methods.

2024-08-12 16:51:00,261 db_connector.py 77 - INFO - Using database: yt_db
2024-08-12 16:51:00,267 db_connector.py 103 - INFO - Table mp3_files already exists.
2024-08-12 16:51:00,267 db_storage.py 21 - INFO - Inserting mp3 file into the database
2024-08-12 16:51:00,453 db_storage.py 32 - INFO - MP3 file inserted successfully
2024-08-12 16:51:00,453 main2.py 46 - INFO - File Inserted in database successfully 2e192db7-63f2-437c-a8db-3c216967c7e2
2024-08-12 16:51:00,453 db_storage.py 41 - INFO - Deleting mp3 file from the System C:\Users\savit\PycharmProjects\Youtube_translator\audio\2024_08_12_16_21_02.mp3
2024-08-12 16:51:00,454 db_storage.py 43 - INFO - MP3 file deleted successfully
2024-08-12 16:51:00,454 main2.py 49 - INFO - File deleted from OS successfully 2e192db7-63f2-437c-a8db-3c216967c7e2
2024-08-12 16:51:00,454 db_storage.py 51 - INFO - Fetching mp3 file from the database
2024-08-12 16:51:02,441 db_storage.py 70 - INFO - WAV file 2e192db7-63f2-437c-a8db-3c216967c7e2 fetched successfully
2024-08-12 16:51:02,442 db_storage.py 41 - INFO - Deleting mp3 file from the System C:\Users\savit\PycharmProjects\Youtube_translator\audio\2024_08_12_16_21_02.wav
2024-08-12 16:51:02,446 db_storage.py 43 - INFO - MP3 file deleted successfully
