2024-08-12 19:48:51,295 logger.py 22 - INFO - Logging started at C:\Users\savit\PycharmProjects\Youtube_translator\Logs_data\2024-08-12_19-48-51.log\2024-08-12_19-48-51.log
2024-08-12 19:49:21,699 db_connector.py 9 - INFO - Loaded environment variables
2024-08-12 19:49:21,700 db_connector.py 11 - INFO - savit:diksha
2024-08-12 19:50:23,111 logger.py 22 - INFO - Logging started at C:\Users\savit\PycharmProjects\Youtube_translator\Logs_data\2024-08-12_19-50-23.log\2024-08-12_19-50-23.log
2024-08-12 19:50:23,129 db_connector.py 9 - INFO - Loaded environment variables
2024-08-12 19:50:23,129 db_connector.py 11 - INFO - savit:diksha
2024-08-12 19:51:19,515 whisper_model.py 9 - INFO - Model loaded successfully
2024-08-12 19:53:12,890 logger.py 22 - INFO - Logging started at C:\Users\savit\PycharmProjects\Youtube_translator\Logs_data\2024-08-12_19-53-12.log\2024-08-12_19-53-12.log
2024-08-12 19:53:12,908 db_connector.py 9 - INFO - Loaded environment variables
2024-08-12 19:53:12,908 db_connector.py 11 - INFO - savit:diksha
2024-08-12 19:55:08,340 whisper_model.py 10 - INFO - Model loaded successfully
2024-08-12 20:31:12,116 logger.py 22 - INFO - Logging started at C:\Users\savit\PycharmProjects\Youtube_translator\Logs_data\2024-08-12_20-31-12.log\2024-08-12_20-31-12.log
2024-08-12 20:35:15,011 Mp3_download.py 57 - INFO - Storing the audio file in location : C:\Users\savit\PycharmProjects\Youtube_translator\audio\2024_08_12_20_31_12

2024-08-12 20:35:22,543 Mp3_download.py 91 - INFO - Converted audio file C:\Users\savit\PycharmProjects\Youtube_translator\audio\2024_08_12_20_31_12
2024-08-12 20:35:22,545 db_storage.py 13 - INFO - Initializing Mp3FileStorage
2024-08-12 20:35:22,545 db_connector.py 39 - INFO - Initializing MySQL database connection inside the ConnectToDb Class

2024-08-12 20:35:22,545 db_connector.py 53 - INFO - Inside the ConnectToDb Class initiating connect_to_db methods.

2024-08-12 20:35:23,368 db_connector.py 60 - INFO - Connected to MySQL database
2024-08-12 20:35:23,368 db_connector.py 61 - INFO - Exiting the ConnectToDb Class initiating connect_to_db methods

2024-08-12 20:35:23,368 db_connector.py 45 - INFO - MySQL database connection successful

2024-08-12 20:35:23,368 db_connector.py 70 - INFO - Inside the ConnectToDb Class initiating create_database methods.

2024-08-12 20:35:23,391 db_connector.py 80 - INFO - Inside the ConnectToDb Class initiating use_database methods.

2024-08-12 20:35:23,393 db_connector.py 83 - INFO - Using database: yt_db
2024-08-12 20:35:23,470 db_connector.py 109 - INFO - Table mp3_files already exists.
2024-08-12 20:35:23,470 db_storage.py 21 - INFO - Inserting mp3 file into the database
2024-08-12 20:35:23,599 db_storage.py 32 - INFO - MP3 file inserted successfully
2024-08-12 20:35:23,599 main.py 49 - INFO - File Inserted in database successfully e2e86b2a-d11f-4ea5-aecd-23f629d6eb94
2024-08-12 20:35:23,599 db_storage.py 41 - INFO - Deleting mp3 file from the System C:\Users\savit\PycharmProjects\Youtube_translator\audio\2024_08_12_20_31_12.mp3
2024-08-12 20:35:23,600 db_storage.py 43 - INFO - MP3 file deleted successfully
2024-08-12 20:35:23,601 main.py 52 - INFO - File deleted from OS successfully e2e86b2a-d11f-4ea5-aecd-23f629d6eb94
2024-08-12 20:35:23,601 db_storage.py 61 - INFO - Fetching mp3 file from the database
2024-08-12 20:35:26,337 db_storage.py 80 - INFO - WAV file e2e86b2a-d11f-4ea5-aecd-23f629d6eb94 fetched successfully
2024-08-12 20:35:26,338 db_storage.py 41 - INFO - Deleting mp3 file from the System C:\Users\savit\PycharmProjects\Youtube_translator\audio\2024_08_12_20_31_12.wav
2024-08-12 20:35:26,341 db_storage.py 43 - INFO - MP3 file deleted successfully
2024-08-12 20:48:16,214 main.py 61 - INFO - Transcribe successfully e2e86b2a-d11f-4ea5-aecd-23f629d6eb94
2024-08-12 20:48:16,219 db_storage.py 51 - INFO - Deleting wav file from the System C:\Users\savit\PycharmProjects\Youtube_translator\audio\2024_08_12_20_31_12.wav
2024-08-12 20:48:16,220 db_storage.py 56 - ERROR - Error inserting wav file: [WinError 2] The system cannot find the file specified: 'C:\\Users\\savit\\PycharmProjects\\Youtube_translator\\audio\\2024_08_12_20_31_12.wav'
